01/25/2024 10:27:53 AM - root - INFO - *********** Test_001_Login *************
01/25/2024 10:27:53 AM - root - INFO - *********** test_homePageTitle *************
01/25/2024 10:27:55 AM - root - INFO - *********** Pass *************
01/25/2024 10:27:56 AM - root - INFO - *********** test_loginPageTitle *************
01/25/2024 10:28:01 AM - root - INFO - *********** Pass *****************
01/25/2024 10:28:26 AM - root - INFO - *********** Test_001_Login *************
01/25/2024 10:28:26 AM - root - INFO - *********** test_homePageTitle *************
01/25/2024 10:28:28 AM - root - INFO - *********** Pass *************
01/25/2024 10:28:29 AM - root - INFO - *********** test_loginPageTitle *************
01/25/2024 10:28:34 AM - root - ERROR - ************ Fail ****************
01/25/2024 11:10:03 AM - root - INFO - *********** Test_001_Login *************
01/25/2024 11:10:03 AM - root - INFO - *********** test_homePageTitle *************
01/25/2024 11:10:07 AM - root - INFO - *********** Pass *************
01/25/2024 11:10:14 AM - root - INFO - *********** test_loginPageTitle *************
01/25/2024 11:11:15 AM - root - ERROR - ************ Fail ****************
01/25/2024 11:12:06 AM - root - INFO - *********** Test_001_Login *************
01/25/2024 11:12:06 AM - root - INFO - *********** test_homePageTitle *************
01/25/2024 11:12:07 AM - root - INFO - *********** Pass *************
01/25/2024 11:12:11 AM - root - INFO - *********** test_loginPageTitle *************
01/25/2024 11:12:17 AM - root - ERROR - ************ Fail ****************
01/25/2024 11:17:32 AM - root - INFO - *********** Test_001_Login *************
01/25/2024 11:17:32 AM - root - INFO - *********** test_homePageTitle *************
01/25/2024 11:17:34 AM - root - INFO - *********** Pass *************
01/25/2024 11:17:36 AM - root - INFO - *********** test_loginPageTitle *************
01/25/2024 11:17:42 AM - root - ERROR - ************ Fail ****************
01/25/2024 11:26:19 AM - root - INFO - *********** Test_001_Login *************
01/25/2024 11:26:19 AM - root - INFO - *********** test_homePageTitle *************
01/25/2024 11:26:22 AM - root - INFO - *********** Pass *************
01/25/2024 11:26:24 AM - root - INFO - *********** test_loginPageTitle *************
01/25/2024 11:26:30 AM - root - INFO - *********** Pass *****************
01/25/2024 11:47:12 AM - root - INFO - *********** Test_001_Login *************
01/25/2024 11:47:12 AM - root - INFO - *********** test_homePageTitle *************
01/25/2024 11:47:14 AM - root - INFO - *********** Pass *************
01/25/2024 11:47:31 AM - root - INFO - *********** Test_001_Login *************
01/25/2024 11:47:31 AM - root - INFO - *********** test_homePageTitle *************
01/25/2024 11:47:33 AM - root - INFO - *********** Pass *************
01/25/2024 11:47:34 AM - root - INFO - *********** test_loginPageTitle *************
01/25/2024 11:47:41 AM - root - INFO - *********** Pass *****************
01/25/2024 11:51:37 AM - root - INFO - ************ Test running in chrome browser ***************
01/25/2024 11:51:37 AM - root - INFO - *********** Test_001_Login *************
01/25/2024 11:51:37 AM - root - INFO - *********** test_homePageTitle *************
01/25/2024 11:51:39 AM - root - INFO - *********** Pass *************
01/25/2024 11:52:07 AM - root - INFO - ************ Test running in chrome browser ***************
01/25/2024 11:52:07 AM - root - INFO - *********** Test_001_Login *************
01/25/2024 11:52:07 AM - root - INFO - *********** test_homePageTitle *************
01/25/2024 11:52:09 AM - root - INFO - *********** Pass *************
01/25/2024 11:52:11 AM - root - INFO - ************ Test running in chrome browser ***************
01/25/2024 11:52:16 AM - root - INFO - *********** Pass *****************
01/25/2024 11:53:09 AM - root - INFO - ************ Test running in chrome browser ***************
01/25/2024 11:53:09 AM - root - INFO - *********** Test_001_Login *************
01/25/2024 11:53:09 AM - root - INFO - *********** test_homePageTitle *************
01/25/2024 11:53:11 AM - root - INFO - *********** Pass *************
01/25/2024 11:53:12 AM - root - INFO - ************ Test running in chrome browser ***************
01/25/2024 11:53:12 AM - root - INFO - *********** test_homePageTitle *************
01/25/2024 11:53:18 AM - root - INFO - *********** Pass *****************
01/25/2024 12:01:52 PM - root - INFO - ************ Test running in chrome browser ***************
01/25/2024 12:01:52 PM - root - INFO - *********** test_homePageTitle *************
01/25/2024 12:01:54 PM - root - INFO - *********** Pass *************
01/25/2024 12:01:56 PM - root - INFO - ************ Test running in chrome browser ***************
01/25/2024 12:01:56 PM - root - INFO - *********** test_homePageTitle *************
01/25/2024 12:02:02 PM - root - INFO - *********** Pass *****************
01/25/2024 12:02:40 PM - root - INFO - ************ Test running in firefox browser ***************
01/25/2024 12:02:40 PM - root - INFO - *********** test_homePageTitle *************
01/25/2024 12:02:42 PM - root - INFO - *********** Pass *************
01/25/2024 12:02:49 PM - root - INFO - ************ Test running in firefox browser ***************
01/25/2024 12:02:49 PM - root - INFO - *********** test_homePageTitle *************
01/25/2024 12:02:54 PM - root - INFO - *********** Pass *****************
01/25/2024 12:03:06 PM - root - INFO - ************ Test running in MicrosoftEdge browser ***************
01/25/2024 12:03:06 PM - root - INFO - *********** test_homePageTitle *************
01/25/2024 12:03:07 PM - root - INFO - *********** Pass *************
01/25/2024 12:03:11 PM - root - INFO - ************ Test running in MicrosoftEdge browser ***************
01/25/2024 12:03:11 PM - root - INFO - *********** test_homePageTitle *************
01/25/2024 12:03:16 PM - root - INFO - *********** Pass *****************
01/25/2024 12:03:36 PM - root - INFO - ************ Test running in MicrosoftEdge browser ***************
01/25/2024 12:03:36 PM - root - INFO - *********** test_homePageTitle *************
01/25/2024 12:03:38 PM - root - INFO - *********** Pass *************
01/25/2024 12:03:41 PM - root - INFO - ************ Test running in MicrosoftEdge browser ***************
01/25/2024 12:03:41 PM - root - INFO - *********** test_homePageTitle *************
01/25/2024 12:03:46 PM - root - ERROR - ************ Fail ****************
01/25/2024 12:09:19 PM - root - INFO - ************ Test running in chrome browser ***************
01/25/2024 12:09:19 PM - root - INFO - *********** test_homePageTitle *************
01/25/2024 12:09:19 PM - root - INFO - *********** test_homePageTitle *************
01/25/2024 12:09:21 PM - root - INFO - *********** Pass *************
01/25/2024 12:09:26 PM - root - INFO - *********** Pass *****************
01/25/2024 12:09:47 PM - root - INFO - ************ Test running in chrome browser ***************
01/25/2024 12:09:47 PM - root - INFO - *********** test_homePageTitle *************
01/25/2024 12:09:47 PM - root - INFO - ************ Test running in chrome browser ***************
01/25/2024 12:09:47 PM - root - INFO - *********** test_homePageTitle *************
01/25/2024 12:09:49 PM - root - INFO - *********** Pass *************
01/25/2024 12:09:53 PM - root - INFO - *********** Pass *****************
01/25/2024 12:10:16 PM - root - INFO - ************ Test running in chrome browser ***************
01/25/2024 12:10:16 PM - root - INFO - *********** test_homePageTitle *************
01/25/2024 12:10:16 PM - root - INFO - ************ Test running in chrome browser ***************
01/25/2024 12:10:16 PM - root - INFO - *********** test_homePageTitle *************
01/25/2024 12:10:18 PM - root - INFO - *********** Pass *************
01/25/2024 12:10:23 PM - root - INFO - *********** Pass *****************
01/25/2024 12:14:03 PM - root - INFO - ************ Test running in firefox browser ***************
01/25/2024 12:14:03 PM - root - INFO - *********** test_homePageTitle *************
01/25/2024 12:14:03 PM - root - INFO - ************ Test running in firefox browser ***************
01/25/2024 12:14:03 PM - root - INFO - *********** test_homePageTitle *************
01/25/2024 12:14:05 PM - root - INFO - *********** Pass *************
01/25/2024 12:14:08 PM - root - INFO - *********** Pass *****************
01/25/2024 03:55:10 PM - root - INFO - ************ Test running in chrome browser ***************
01/25/2024 03:55:10 PM - root - INFO - *********** test_homePageTitle *************
01/25/2024 03:55:11 PM - root - INFO - *********** Pass *************
01/25/2024 03:55:13 PM - root - INFO - ************ Test running in chrome browser ***************
01/25/2024 03:55:13 PM - root - INFO - *********** test_homePageTitle *************
01/25/2024 03:55:19 PM - root - INFO - *********** Pass *****************
01/25/2024 03:56:59 PM - root - INFO - ************ Test running in chrome browser ***************
01/25/2024 03:56:59 PM - root - INFO - *********** test_homePageTitle *************
01/25/2024 03:57:01 PM - root - INFO - *********** Pass *************
01/25/2024 03:57:03 PM - root - INFO - ************ Test running in chrome browser ***************
01/25/2024 03:57:03 PM - root - INFO - *********** test_homePageTitle *************
01/25/2024 03:57:08 PM - root - INFO - *********** Pass *****************
01/25/2024 09:12:02 PM - root - INFO - Test running in chrome browser
01/25/2024 09:12:02 PM - root - INFO - Test_002_DDT_Login
01/25/2024 09:12:02 PM - root - INFO - Verifying Deta Driven Login Test
01/25/2024 09:12:07 PM - root - ERROR - Test Case Failed
01/25/2024 09:12:11 PM - root - INFO - Test Case Passed
01/25/2024 09:12:13 PM - root - INFO - Test Case Passed
01/25/2024 09:12:15 PM - root - INFO - Test Case Passed
01/25/2024 09:12:16 PM - root - INFO - Test Case Passed
01/25/2024 09:12:16 PM - root - ERROR - Login Data Driven Test Failed
01/25/2024 09:17:25 PM - root - INFO - Test running in chrome browser
01/25/2024 09:17:25 PM - root - INFO - Test_002_DDT_Login
01/25/2024 09:17:25 PM - root - INFO - Verifying Deta Driven Login Test
01/25/2024 09:17:30 PM - root - ERROR - Test Case Failed
01/25/2024 09:17:34 PM - root - INFO - Test Case Passed
01/25/2024 09:17:36 PM - root - INFO - Test Case Passed
01/25/2024 09:17:38 PM - root - INFO - Test Case Passed
01/25/2024 09:17:39 PM - root - INFO - Test Case Passed
01/25/2024 09:17:39 PM - root - ERROR - Login Data Driven Test Failed
01/25/2024 09:18:42 PM - root - INFO - Test running in chrome browser
01/25/2024 09:18:42 PM - root - INFO - Test_002_DDT_Login
01/25/2024 09:18:42 PM - root - INFO - Verifying Deta Driven Login Test
01/25/2024 09:18:48 PM - root - INFO - Test Case Passed
01/25/2024 09:18:52 PM - root - INFO - Test Case Passed
01/25/2024 09:18:54 PM - root - ERROR - Test Case Failed
01/25/2024 09:18:55 PM - root - INFO - Test Case Passed
01/25/2024 09:18:57 PM - root - INFO - Test Case Passed
01/25/2024 09:18:57 PM - root - ERROR - Login Data Driven Test Failed
01/25/2024 09:20:15 PM - root - INFO - Test running in chrome browser
01/25/2024 09:20:15 PM - root - INFO - Test_002_DDT_Login
01/25/2024 09:20:15 PM - root - INFO - Verifying Deta Driven Login Test
01/25/2024 09:20:20 PM - root - ERROR - Test Case Failed
01/25/2024 09:20:24 PM - root - INFO - Test Case Passed
01/25/2024 09:20:25 PM - root - INFO - Test Case Passed
01/25/2024 09:20:27 PM - root - INFO - Test Case Passed
01/25/2024 09:20:29 PM - root - INFO - Test Case Passed
01/25/2024 09:20:29 PM - root - ERROR - Login Data Driven Test Failed
01/25/2024 09:21:56 PM - root - INFO - Test running in chrome browser
01/25/2024 09:21:56 PM - root - INFO - Test_002_DDT_Login
01/25/2024 09:21:56 PM - root - INFO - Verifying Deta Driven Login Test
01/25/2024 09:22:01 PM - root - INFO - Test Case Passed
01/25/2024 09:22:05 PM - root - INFO - Test Case Passed
01/25/2024 09:22:06 PM - root - INFO - Test Case Passed
01/25/2024 09:22:08 PM - root - INFO - Test Case Passed
01/25/2024 09:22:10 PM - root - INFO - Test Case Passed
01/25/2024 09:22:10 PM - root - ERROR - Login Data Driven Test Passed
01/25/2024 09:22:10 PM - root - INFO - End of Login Data Driven Testing
01/25/2024 09:22:10 PM - root - INFO - Completed Test_002_DDT_Login
01/25/2024 09:23:18 PM - root - INFO - Test running in firefox browser
01/25/2024 09:23:18 PM - root - INFO - Test_002_DDT_Login
01/25/2024 09:23:18 PM - root - INFO - Verifying Deta Driven Login Test
01/25/2024 09:23:24 PM - root - INFO - Test Case Passed
01/25/2024 09:24:19 PM - root - INFO - Test running in chrome browser
01/25/2024 09:24:19 PM - root - INFO - Test_002_DDT_Login
01/25/2024 09:24:19 PM - root - INFO - Verifying Deta Driven Login Test
01/25/2024 09:24:25 PM - root - INFO - Test Case Passed
01/25/2024 09:24:28 PM - root - INFO - Test Case Passed
01/25/2024 09:24:30 PM - root - INFO - Test Case Passed
01/25/2024 09:24:32 PM - root - INFO - Test Case Passed
01/25/2024 09:24:33 PM - root - INFO - Test Case Passed
01/25/2024 09:24:33 PM - root - ERROR - Login Data Driven Test Passed
01/25/2024 09:24:33 PM - root - INFO - End of Login Data Driven Testing
01/25/2024 09:24:33 PM - root - INFO - Completed Test_002_DDT_Login
01/25/2024 09:24:44 PM - root - INFO - Test running in MicrosoftEdge browser
01/25/2024 09:24:44 PM - root - INFO - Test_002_DDT_Login
01/25/2024 09:24:44 PM - root - INFO - Verifying Deta Driven Login Test
01/25/2024 09:24:49 PM - root - INFO - Test Case Passed
01/25/2024 09:24:53 PM - root - INFO - Test Case Passed
01/25/2024 09:24:55 PM - root - INFO - Test Case Passed
01/25/2024 09:24:57 PM - root - INFO - Test Case Passed
01/25/2024 09:24:58 PM - root - INFO - Test Case Passed
01/25/2024 09:24:58 PM - root - ERROR - Login Data Driven Test Passed
01/25/2024 09:24:58 PM - root - INFO - End of Login Data Driven Testing
01/25/2024 09:24:58 PM - root - INFO - Completed Test_002_DDT_Login
01/25/2024 09:25:14 PM - root - INFO - Test running in firefox browser
01/25/2024 09:25:14 PM - root - INFO - Test_002_DDT_Login
01/25/2024 09:25:14 PM - root - INFO - Verifying Deta Driven Login Test
01/25/2024 09:25:19 PM - root - INFO - Test Case Passed
01/25/2024 09:27:59 PM - root - INFO - Test running in firefox browser
01/25/2024 09:27:59 PM - root - INFO - Test_002_DDT_Login
01/25/2024 09:27:59 PM - root - INFO - Verifying Deta Driven Login Test
01/25/2024 09:28:08 PM - root - INFO - Test Case Passed
01/25/2024 09:28:15 PM - root - INFO - Test Case Passed
01/25/2024 09:28:21 PM - root - INFO - Test Case Passed
01/25/2024 09:28:27 PM - root - INFO - Test Case Passed
01/25/2024 09:28:33 PM - root - INFO - Test Case Passed
01/25/2024 09:28:33 PM - root - ERROR - Login Data Driven Test Passed
01/25/2024 09:28:33 PM - root - INFO - End of Login Data Driven Testing
01/25/2024 09:28:33 PM - root - INFO - Completed Test_002_DDT_Login
01/25/2024 09:29:16 PM - root - INFO - Test running in firefox browser
01/25/2024 09:29:16 PM - root - INFO - Test_002_DDT_Login
01/25/2024 09:29:16 PM - root - INFO - Verifying Deta Driven Login Test
01/25/2024 09:29:20 PM - root - INFO - Test Case Passed
01/25/2024 09:29:51 PM - root - INFO - Test running in MicrosoftEdge browser
01/25/2024 09:29:51 PM - root - INFO - Test_002_DDT_Login
01/25/2024 09:29:51 PM - root - INFO - Verifying Deta Driven Login Test
01/25/2024 09:29:57 PM - root - INFO - Test Case Passed
01/25/2024 09:30:00 PM - root - INFO - Test Case Passed
01/25/2024 09:30:05 PM - root - INFO - Test Case Passed
01/25/2024 09:30:11 PM - root - INFO - Test Case Passed
01/25/2024 09:30:17 PM - root - INFO - Test Case Passed
01/25/2024 09:30:22 PM - root - ERROR - Login Data Driven Test Passed
01/25/2024 09:30:22 PM - root - INFO - End of Login Data Driven Testing
01/25/2024 09:30:22 PM - root - INFO - Completed Test_002_DDT_Login
01/25/2024 09:30:30 PM - root - INFO - Test running in chrome browser
01/25/2024 09:30:30 PM - root - INFO - Test_002_DDT_Login
01/25/2024 09:30:30 PM - root - INFO - Verifying Deta Driven Login Test
01/25/2024 09:30:35 PM - root - INFO - Test Case Passed
01/25/2024 09:30:37 PM - root - INFO - Test Case Passed
01/25/2024 09:30:43 PM - root - INFO - Test Case Passed
01/25/2024 09:30:49 PM - root - INFO - Test Case Passed
01/25/2024 09:30:55 PM - root - INFO - Test Case Passed
01/25/2024 09:31:00 PM - root - ERROR - Login Data Driven Test Passed
01/25/2024 09:31:00 PM - root - INFO - End of Login Data Driven Testing
01/25/2024 09:31:00 PM - root - INFO - Completed Test_002_DDT_Login
01/25/2024 09:31:12 PM - root - INFO - Test running in firefox browser
01/25/2024 09:31:12 PM - root - INFO - Test_002_DDT_Login
01/25/2024 09:31:12 PM - root - INFO - Verifying Deta Driven Login Test
01/25/2024 09:31:16 PM - root - INFO - Test Case Passed
01/25/2024 09:32:06 PM - root - INFO - Test running in chrome browser
01/25/2024 09:32:06 PM - root - INFO - Test_002_DDT_Login
01/25/2024 09:32:06 PM - root - INFO - Verifying Deta Driven Login Test
01/25/2024 09:32:11 PM - root - INFO - Test Case Passed
01/25/2024 09:32:14 PM - root - INFO - Test Case Passed
01/25/2024 09:32:14 PM - root - INFO - Test Case Passed
01/25/2024 09:32:15 PM - root - INFO - Test Case Passed
01/25/2024 09:32:16 PM - root - INFO - Test Case Passed
01/25/2024 09:32:16 PM - root - ERROR - Login Data Driven Test Passed
01/25/2024 09:32:16 PM - root - INFO - End of Login Data Driven Testing
01/25/2024 09:32:16 PM - root - INFO - Completed Test_002_DDT_Login
01/25/2024 09:32:43 PM - root - INFO - Test running in chrome browser
01/25/2024 09:32:43 PM - root - INFO - Test_002_DDT_Login
01/25/2024 09:32:43 PM - root - INFO - Verifying Deta Driven Login Test
01/25/2024 09:32:48 PM - root - INFO - Test Case Passed
01/25/2024 09:32:50 PM - root - INFO - Test Case Passed
01/25/2024 09:32:51 PM - root - INFO - Test Case Passed
01/25/2024 09:32:52 PM - root - INFO - Test Case Passed
01/25/2024 09:32:52 PM - root - INFO - Test Case Passed
01/25/2024 09:32:52 PM - root - ERROR - Login Data Driven Test Passed
01/25/2024 09:32:52 PM - root - INFO - End of Login Data Driven Testing
01/25/2024 09:32:52 PM - root - INFO - Completed Test_002_DDT_Login
01/25/2024 09:47:41 PM - root - INFO - Test running in chrome browser
01/25/2024 09:47:41 PM - root - INFO - Test_002_DDT_Login
01/25/2024 09:47:41 PM - root - INFO - Verifying Deta Driven Login Test
01/25/2024 09:47:46 PM - root - INFO - Test Case Passed
01/25/2024 09:47:48 PM - root - INFO - Test Case Passed
01/25/2024 09:47:49 PM - root - INFO - Test Case Passed
01/25/2024 09:47:50 PM - root - INFO - Test Case Passed
01/25/2024 09:47:51 PM - root - INFO - Test Case Passed
01/25/2024 09:47:51 PM - root - ERROR - Login Data Driven Test Passed
01/25/2024 09:47:51 PM - root - INFO - End of Login Data Driven Testing
01/25/2024 09:47:51 PM - root - INFO - Completed Test_002_DDT_Login

01/27/2024 06:32:55 PM - root - INFO - ************ Test running in chrome browser ***************
01/27/2024 06:32:55 PM - root - INFO - *********** test_homePageTitle *************
01/27/2024 06:32:57 PM - root - INFO - *********** Pass *************
01/27/2024 06:32:59 PM - root - INFO - ************ Test running in chrome browser ***************
01/27/2024 06:32:59 PM - root - INFO - *********** test_homePageTitle *************
01/27/2024 06:33:05 PM - root - INFO - *********** Pass *****************
01/27/2024 06:33:30 PM - root - INFO - Test running in chrome browser
01/27/2024 06:33:30 PM - root - INFO - Test_002_DDT_Login
01/27/2024 06:33:30 PM - root - INFO - Verifying Deta Driven Login Test
01/27/2024 06:33:36 PM - root - INFO - Test Case Passed
01/27/2024 06:33:39 PM - root - INFO - Test Case Passed
01/27/2024 06:33:41 PM - root - INFO - Test Case Passed
01/27/2024 06:33:42 PM - root - INFO - Test Case Passed
01/27/2024 06:33:43 PM - root - INFO - Test Case Passed
01/27/2024 06:33:43 PM - root - INFO - Login Data Driven Test Passed
01/27/2024 06:33:43 PM - root - INFO - End of Login Data Driven Testing
01/27/2024 06:33:43 PM - root - INFO - Completed Test_002_DDT_Login

01/27/2024 08:13:14 PM - root - INFO - Test_SearchCustomer__003
01/27/2024 08:13:14 PM - root - INFO - Setup started
01/27/2024 08:13:21 PM - root - INFO - Setup Completed
01/27/2024 08:13:21 PM - root - INFO - Test Case: Search by Email
01/27/2024 08:13:22 PM - root - INFO - Test Case Passed.
01/27/2024 08:13:22 PM - root - INFO - Remark: search data found.
01/27/2024 08:13:22 PM - root - INFO - Test Completed.
01/27/2024 08:13:55 PM - root - INFO - Test_SearchCustomer__003
01/27/2024 08:13:55 PM - root - INFO - Setup started
01/27/2024 08:14:02 PM - root - INFO - Setup Completed
01/27/2024 08:14:02 PM - root - INFO - Test Case: Search by Email
01/27/2024 08:14:03 PM - root - INFO - Test Case Passed.
01/27/2024 08:14:03 PM - root - INFO - Remark: search data found.
01/27/2024 08:14:03 PM - root - INFO - Test Completed.
01/27/2024 08:14:07 PM - root - INFO - Test_SearchCustomer__003
01/27/2024 08:14:07 PM - root - INFO - Setup started
01/27/2024 08:14:11 PM - root - INFO - Setup Completed
01/27/2024 08:14:11 PM - root - INFO - Test Case: Search by Email
01/27/2024 08:14:13 PM - root - INFO - Test Case Passed.
01/27/2024 08:14:13 PM - root - INFO - Remark: search data found.
01/27/2024 08:14:13 PM - root - INFO - Test Completed.
01/27/2024 08:14:16 PM - root - INFO - Test_SearchCustomer__003
01/27/2024 08:14:16 PM - root - INFO - Setup started
01/27/2024 08:14:21 PM - root - INFO - Setup Completed
01/27/2024 08:14:21 PM - root - INFO - Test Case: Search by Email
01/27/2024 08:14:23 PM - root - INFO - Test Case Passed.
01/27/2024 08:14:23 PM - root - INFO - Remark: search data found.
01/27/2024 08:14:23 PM - root - INFO - Test Completed.
01/27/2024 11:03:23 PM - root - INFO - Test_AddNewCustomer Started...
01/27/2024 11:03:23 PM - root - INFO - Setup of Test Add New Customer Started...
01/27/2024 11:03:23 PM - root - INFO - Testing in chrome browser
01/27/2024 11:03:27 PM - root - INFO - Log in successful
01/27/2024 11:03:27 PM - root - INFO - Setup completed
01/27/2024 11:03:27 PM - root - INFO - Add New Customer Started...
01/27/2024 11:03:30 PM - root - INFO - Providing customer details
01/27/2024 11:03:30 PM - root - INFO - User Data : {'first_name': 'Priyanka', 'last_name': 'Pandey', 'email': 'priyanka_pandey311@gmail.com', 'password': '1XnTwZcW', 'gender': 'Female', 'birth_date': '07-10-1986', 'company_name': 'HCL', 'comment': 'Random comment for user Priyanka Pandey', 'tax_exempt': False, 'manager_vendor': '1', 'account_status': True, 'newsletter': ['Your store name'], 'customer_role': ['Registered']}
01/27/2024 11:03:34 PM - root - INFO - Saving customer info...
01/27/2024 11:03:35 PM - root - INFO - Alert On Save: ï¿½
The new customer has been added successfully.
01/27/2024 11:03:35 PM - root - INFO - Test Passed
01/27/2024 11:03:35 PM - root - INFO - Test completed
01/27/2024 11:09:10 PM - root - INFO - Test_SearchCustomer__003
01/27/2024 11:09:10 PM - root - INFO - Setup started
01/27/2024 11:09:26 PM - root - INFO - Setup Completed
01/27/2024 11:09:26 PM - root - INFO - Test Case: Search by Email
01/27/2024 11:09:28 PM - root - INFO - Test Case Passed.
01/27/2024 11:09:28 PM - root - INFO - Remark: data not found and it's expected.
01/27/2024 11:09:28 PM - root - INFO - Test Completed.
01/27/2024 11:09:31 PM - root - INFO - Test_SearchCustomer__003
01/27/2024 11:09:31 PM - root - INFO - Setup started
01/27/2024 11:09:37 PM - root - INFO - Setup Completed
01/27/2024 11:09:37 PM - root - INFO - Test Case: Search by FirstName
01/27/2024 11:09:38 PM - root - INFO - Test Case Passed.
01/27/2024 11:09:38 PM - root - INFO - Remark: data not found and it's expected.
01/27/2024 11:09:39 PM - root - INFO - Test Completed.
01/27/2024 11:09:42 PM - root - INFO - Test_SearchCustomer__003
01/27/2024 11:09:42 PM - root - INFO - Setup started
01/27/2024 11:09:47 PM - root - INFO - Setup Completed
01/27/2024 11:09:47 PM - root - INFO - Test Case: Search by LastName
01/27/2024 11:09:49 PM - root - INFO - Test Case Passed.
01/27/2024 11:09:49 PM - root - INFO - Remark: data not found and it's expected.
01/27/2024 11:09:49 PM - root - INFO - Test Completed.
01/27/2024 11:09:52 PM - root - INFO - Test_SearchCustomer__003
01/27/2024 11:09:52 PM - root - INFO - Setup started
01/27/2024 11:09:58 PM - root - INFO - Setup Completed
01/27/2024 11:09:58 PM - root - INFO - Test Case: Search by BirthDate
01/27/2024 11:10:00 PM - root - INFO - Test Case Passed.
01/27/2024 11:10:00 PM - root - INFO - Remark: data not found and it's expected.
01/27/2024 11:10:00 PM - root - INFO - Test Completed.
01/27/2024 11:10:03 PM - root - INFO - Test_SearchCustomer__003
01/27/2024 11:10:03 PM - root - INFO - Setup started
01/27/2024 11:10:09 PM - root - INFO - Setup Completed
01/27/2024 11:10:09 PM - root - INFO - Test Case: Search by RegistrationDate
01/27/2024 11:10:10 PM - root - INFO - Test Case Passed.
01/27/2024 11:10:10 PM - root - INFO - Remark: data not found and it's expected.
01/27/2024 11:10:11 PM - root - INFO - Test Completed.
01/27/2024 11:10:14 PM - root - INFO - Test_SearchCustomer__003
01/27/2024 11:10:14 PM - root - INFO - Setup started
01/27/2024 11:10:18 PM - root - INFO - Setup Completed
01/27/2024 11:10:18 PM - root - INFO - Test Case: Search by LastActivityDate
01/27/2024 11:10:20 PM - root - ERROR - Test Case Failed.
01/27/2024 11:10:20 PM - root - ERROR - Something went wrong.
01/27/2024 11:10:20 PM - root - INFO - Test Completed.
01/27/2024 11:10:24 PM - root - INFO - Test_SearchCustomer__003
01/27/2024 11:10:24 PM - root - INFO - Setup started
01/27/2024 11:10:29 PM - root - INFO - Setup Completed
01/27/2024 11:10:29 PM - root - INFO - Test Case: Search by Company
01/27/2024 11:10:31 PM - root - INFO - Test Case Passed.
01/27/2024 11:10:31 PM - root - INFO - Remark: data not found and it's expected.
01/27/2024 11:10:31 PM - root - INFO - Test Completed.
01/27/2024 11:10:34 PM - root - INFO - Test_SearchCustomer__003
01/27/2024 11:10:34 PM - root - INFO - Setup started
01/27/2024 11:10:38 PM - root - INFO - Setup Completed
01/27/2024 11:10:38 PM - root - INFO - Test Case: Search by CustomerRole
01/27/2024 11:10:40 PM - root - ERROR - Test Case Failed.
01/27/2024 11:10:40 PM - root - ERROR - Something went wrong.
01/27/2024 11:10:40 PM - root - INFO - Test Completed.
01/28/2024 12:27:09 AM - root - INFO - Test_AddNewCustomer Started...
01/28/2024 12:27:09 AM - root - INFO - Test_AddNewCustomer Started...
01/28/2024 12:27:09 AM - root - INFO - Test_AddNewCustomer Started...
01/28/2024 12:27:09 AM - root - INFO - Test_AddNewCustomer Started...
01/28/2024 12:27:09 AM - root - INFO - Setup of Test Add New Customer Started...
01/28/2024 12:27:09 AM - root - INFO - Setup of Test Add New Customer Started...
01/28/2024 12:27:09 AM - root - INFO - Setup of Test Add New Customer Started...
01/28/2024 12:27:09 AM - root - INFO - Setup of Test Add New Customer Started...
01/28/2024 12:27:09 AM - root - INFO - Testing in MicrosoftEdge browser
01/28/2024 12:27:09 AM - root - INFO - Testing in MicrosoftEdge browser
01/28/2024 12:27:09 AM - root - INFO - Testing in MicrosoftEdge browser
01/28/2024 12:27:09 AM - root - INFO - Testing in MicrosoftEdge browser
01/28/2024 12:27:15 AM - root - INFO - Log in successful
01/28/2024 12:27:15 AM - root - INFO - Log in successful
01/28/2024 12:27:15 AM - root - INFO - Log in successful
01/28/2024 12:27:15 AM - root - INFO - Log in successful
01/28/2024 12:27:15 AM - root - INFO - Setup completed
01/28/2024 12:27:15 AM - root - INFO - Setup completed
01/28/2024 12:27:15 AM - root - INFO - Setup completed
01/28/2024 12:27:15 AM - root - INFO - Setup completed
01/28/2024 12:27:15 AM - root - INFO - Add New Customer Started...
01/28/2024 12:27:15 AM - root - INFO - Add New Customer Started...
01/28/2024 12:27:15 AM - root - INFO - Add New Customer Started...
01/28/2024 12:27:15 AM - root - INFO - Add New Customer Started...
01/28/2024 12:27:18 AM - root - INFO - Providing customer details
01/28/2024 12:27:18 AM - root - INFO - Providing customer details
01/28/2024 12:27:18 AM - root - INFO - Providing customer details
01/28/2024 12:27:18 AM - root - INFO - Providing customer details
01/28/2024 12:27:18 AM - root - INFO - User Data : {'first_name': 'Arun', 'last_name': 'Singh', 'email': 'arun_singh868@gmail.com', 'password': 'zd2aXcho', 'gender': 'Male', 'birth_date': '04-22-2005', 'company_name': 'HCL', 'comment': 'Random comment for user Arun Singh', 'tax_exempt': False, 'manager_vendor': '1', 'account_status': True, 'newsletter': ['Test store 2'], 'customer_role': ['Guests']}
01/28/2024 12:27:18 AM - root - INFO - User Data : {'first_name': 'Arun', 'last_name': 'Singh', 'email': 'arun_singh868@gmail.com', 'password': 'zd2aXcho', 'gender': 'Male', 'birth_date': '04-22-2005', 'company_name': 'HCL', 'comment': 'Random comment for user Arun Singh', 'tax_exempt': False, 'manager_vendor': '1', 'account_status': True, 'newsletter': ['Test store 2'], 'customer_role': ['Guests']}
01/28/2024 12:27:18 AM - root - INFO - User Data : {'first_name': 'Arun', 'last_name': 'Singh', 'email': 'arun_singh868@gmail.com', 'password': 'zd2aXcho', 'gender': 'Male', 'birth_date': '04-22-2005', 'company_name': 'HCL', 'comment': 'Random comment for user Arun Singh', 'tax_exempt': False, 'manager_vendor': '1', 'account_status': True, 'newsletter': ['Test store 2'], 'customer_role': ['Guests']}
01/28/2024 12:27:18 AM - root - INFO - User Data : {'first_name': 'Arun', 'last_name': 'Singh', 'email': 'arun_singh868@gmail.com', 'password': 'zd2aXcho', 'gender': 'Male', 'birth_date': '04-22-2005', 'company_name': 'HCL', 'comment': 'Random comment for user Arun Singh', 'tax_exempt': False, 'manager_vendor': '1', 'account_status': True, 'newsletter': ['Test store 2'], 'customer_role': ['Guests']}
01/28/2024 12:27:22 AM - root - INFO - Saving customer info...
01/28/2024 12:27:22 AM - root - INFO - Saving customer info...
01/28/2024 12:27:22 AM - root - INFO - Saving customer info...
01/28/2024 12:27:22 AM - root - INFO - Saving customer info...
01/28/2024 12:27:22 AM - root - INFO - Alert On Save: ×
The new customer has been added successfully.
01/28/2024 12:27:22 AM - root - INFO - Alert On Save: ×
The new customer has been added successfully.
01/28/2024 12:27:22 AM - root - INFO - Alert On Save: ×
The new customer has been added successfully.
01/28/2024 12:27:22 AM - root - INFO - Alert On Save: ×
The new customer has been added successfully.
01/28/2024 12:27:22 AM - root - INFO - Test Passed
01/28/2024 12:27:22 AM - root - INFO - Test Passed
01/28/2024 12:27:22 AM - root - INFO - Test Passed
01/28/2024 12:27:22 AM - root - INFO - Test Passed
01/28/2024 12:27:22 AM - root - INFO - Test completed
01/28/2024 12:27:22 AM - root - INFO - Test completed
01/28/2024 12:27:22 AM - root - INFO - Test completed
01/28/2024 12:27:22 AM - root - INFO - Test completed
01/28/2024 12:27:26 AM - root - INFO - Test_SearchCustomer__003
01/28/2024 12:27:26 AM - root - INFO - Test_SearchCustomer__003
01/28/2024 12:27:26 AM - root - INFO - Test_SearchCustomer__003
01/28/2024 12:27:26 AM - root - INFO - Test_SearchCustomer__003
01/28/2024 12:27:26 AM - root - INFO - Setup started
01/28/2024 12:27:26 AM - root - INFO - Setup started
01/28/2024 12:27:26 AM - root - INFO - Setup started
01/28/2024 12:27:26 AM - root - INFO - Setup started
01/28/2024 12:27:31 AM - root - INFO - Setup Completed
01/28/2024 12:27:31 AM - root - INFO - Setup Completed
01/28/2024 12:27:31 AM - root - INFO - Setup Completed
01/28/2024 12:27:31 AM - root - INFO - Setup Completed
01/28/2024 12:27:31 AM - root - INFO - Test Case: Search by Email
01/28/2024 12:27:31 AM - root - INFO - Test Case: Search by Email
01/28/2024 12:27:31 AM - root - INFO - Test Case: Search by Email
01/28/2024 12:27:31 AM - root - INFO - Test Case: Search by Email
01/28/2024 12:27:39 AM - root - INFO - Test Case Passed.
01/28/2024 12:27:39 AM - root - INFO - Test Case Passed.
01/28/2024 12:27:39 AM - root - INFO - Test Case Passed.
01/28/2024 12:27:39 AM - root - INFO - Test Case Passed.
01/28/2024 12:27:39 AM - root - INFO - Remark: data not found and it's expected.
01/28/2024 12:27:39 AM - root - INFO - Remark: data not found and it's expected.
01/28/2024 12:27:39 AM - root - INFO - Remark: data not found and it's expected.
01/28/2024 12:27:39 AM - root - INFO - Remark: data not found and it's expected.
01/28/2024 12:27:40 AM - root - INFO - Test Completed.
01/28/2024 12:27:40 AM - root - INFO - Test Completed.
01/28/2024 12:27:40 AM - root - INFO - Test Completed.
01/28/2024 12:27:40 AM - root - INFO - Test Completed.
01/28/2024 12:27:43 AM - root - INFO - Test_SearchCustomer__003
01/28/2024 12:27:43 AM - root - INFO - Test_SearchCustomer__003
01/28/2024 12:27:43 AM - root - INFO - Test_SearchCustomer__003
01/28/2024 12:27:43 AM - root - INFO - Test_SearchCustomer__003
01/28/2024 12:27:43 AM - root - INFO - Setup started
01/28/2024 12:27:43 AM - root - INFO - Setup started
01/28/2024 12:27:43 AM - root - INFO - Setup started
01/28/2024 12:27:43 AM - root - INFO - Setup started
01/28/2024 12:27:49 AM - root - INFO - Setup Completed
01/28/2024 12:27:49 AM - root - INFO - Setup Completed
01/28/2024 12:27:49 AM - root - INFO - Setup Completed
01/28/2024 12:27:49 AM - root - INFO - Setup Completed
01/28/2024 12:27:49 AM - root - INFO - Test Case: Search by FirstName
01/28/2024 12:27:49 AM - root - INFO - Test Case: Search by FirstName
01/28/2024 12:27:49 AM - root - INFO - Test Case: Search by FirstName
01/28/2024 12:27:49 AM - root - INFO - Test Case: Search by FirstName
01/28/2024 12:27:51 AM - root - INFO - Test Case Passed.
01/28/2024 12:27:51 AM - root - INFO - Test Case Passed.
01/28/2024 12:27:51 AM - root - INFO - Test Case Passed.
01/28/2024 12:27:51 AM - root - INFO - Test Case Passed.
01/28/2024 12:27:51 AM - root - INFO - Remark: data not found and it's expected.
01/28/2024 12:27:51 AM - root - INFO - Remark: data not found and it's expected.
01/28/2024 12:27:51 AM - root - INFO - Remark: data not found and it's expected.
01/28/2024 12:27:51 AM - root - INFO - Remark: data not found and it's expected.
01/28/2024 12:27:51 AM - root - INFO - Test Completed.
01/28/2024 12:27:51 AM - root - INFO - Test Completed.
01/28/2024 12:27:51 AM - root - INFO - Test Completed.
01/28/2024 12:27:51 AM - root - INFO - Test Completed.
01/28/2024 12:27:55 AM - root - INFO - ************ Test running in MicrosoftEdge browser ***************
01/28/2024 12:27:55 AM - root - INFO - ************ Test running in MicrosoftEdge browser ***************
01/28/2024 12:27:55 AM - root - INFO - ************ Test running in MicrosoftEdge browser ***************
01/28/2024 12:27:55 AM - root - INFO - ************ Test running in MicrosoftEdge browser ***************
01/28/2024 12:27:55 AM - root - INFO - *********** test_homePageTitle *************
01/28/2024 12:27:55 AM - root - INFO - *********** test_homePageTitle *************
01/28/2024 12:27:55 AM - root - INFO - *********** test_homePageTitle *************
01/28/2024 12:27:55 AM - root - INFO - *********** test_homePageTitle *************
01/28/2024 12:27:58 AM - root - INFO - *********** Pass *****************
01/28/2024 12:27:58 AM - root - INFO - *********** Pass *****************
01/28/2024 12:27:58 AM - root - INFO - *********** Pass *****************
01/28/2024 12:27:58 AM - root - INFO - *********** Pass *****************
01/28/2024 12:33:42 AM - root - INFO - Test_SearchCustomer__003
01/28/2024 12:33:42 AM - root - INFO - Test_SearchCustomer__003
01/28/2024 12:33:42 AM - root - INFO - Test_SearchCustomer__003
01/28/2024 12:33:42 AM - root - INFO - Test_SearchCustomer__003
01/28/2024 12:33:42 AM - root - INFO - Setup started
01/28/2024 12:33:42 AM - root - INFO - Setup started
01/28/2024 12:33:42 AM - root - INFO - Setup started
01/28/2024 12:33:42 AM - root - INFO - Setup started
01/28/2024 12:33:49 AM - root - INFO - Setup Completed
01/28/2024 12:33:49 AM - root - INFO - Setup Completed
01/28/2024 12:33:49 AM - root - INFO - Setup Completed
01/28/2024 12:33:49 AM - root - INFO - Setup Completed
01/28/2024 12:33:49 AM - root - INFO - Test Case: Search by Email
01/28/2024 12:33:49 AM - root - INFO - Test Case: Search by Email
01/28/2024 12:33:49 AM - root - INFO - Test Case: Search by Email
01/28/2024 12:33:49 AM - root - INFO - Test Case: Search by Email
01/28/2024 12:33:50 AM - root - INFO - Test Case Passed.
01/28/2024 12:33:50 AM - root - INFO - Test Case Passed.
01/28/2024 12:33:50 AM - root - INFO - Test Case Passed.
01/28/2024 12:33:50 AM - root - INFO - Test Case Passed.
01/28/2024 12:33:50 AM - root - INFO - Remark: data not found and it's expected.
01/28/2024 12:33:50 AM - root - INFO - Remark: data not found and it's expected.
01/28/2024 12:33:50 AM - root - INFO - Remark: data not found and it's expected.
01/28/2024 12:33:50 AM - root - INFO - Remark: data not found and it's expected.
01/28/2024 12:33:51 AM - root - INFO - Test Completed.
01/28/2024 12:33:51 AM - root - INFO - Test Completed.
01/28/2024 12:33:51 AM - root - INFO - Test Completed.
01/28/2024 12:33:51 AM - root - INFO - Test Completed.
01/28/2024 12:33:54 AM - root - INFO - Test_SearchCustomer__003
01/28/2024 12:33:54 AM - root - INFO - Test_SearchCustomer__003
01/28/2024 12:33:54 AM - root - INFO - Test_SearchCustomer__003
01/28/2024 12:33:54 AM - root - INFO - Test_SearchCustomer__003
01/28/2024 12:33:54 AM - root - INFO - Setup started
01/28/2024 12:33:54 AM - root - INFO - Setup started
01/28/2024 12:33:54 AM - root - INFO - Setup started
01/28/2024 12:33:54 AM - root - INFO - Setup started
01/28/2024 12:33:59 AM - root - INFO - Setup Completed
01/28/2024 12:33:59 AM - root - INFO - Setup Completed
01/28/2024 12:33:59 AM - root - INFO - Setup Completed
01/28/2024 12:33:59 AM - root - INFO - Setup Completed
01/28/2024 12:33:59 AM - root - INFO - Test Case: Search by FirstName
01/28/2024 12:33:59 AM - root - INFO - Test Case: Search by FirstName
01/28/2024 12:33:59 AM - root - INFO - Test Case: Search by FirstName
01/28/2024 12:33:59 AM - root - INFO - Test Case: Search by FirstName
01/28/2024 12:34:01 AM - root - INFO - Test Case Passed.
01/28/2024 12:34:01 AM - root - INFO - Test Case Passed.
01/28/2024 12:34:01 AM - root - INFO - Test Case Passed.
01/28/2024 12:34:01 AM - root - INFO - Test Case Passed.
01/28/2024 12:34:01 AM - root - INFO - Remark: data not found and it's expected.
01/28/2024 12:34:01 AM - root - INFO - Remark: data not found and it's expected.
01/28/2024 12:34:01 AM - root - INFO - Remark: data not found and it's expected.
01/28/2024 12:34:01 AM - root - INFO - Remark: data not found and it's expected.
01/28/2024 12:34:01 AM - root - INFO - Test Completed.
01/28/2024 12:34:01 AM - root - INFO - Test Completed.
01/28/2024 12:34:01 AM - root - INFO - Test Completed.
01/28/2024 12:34:01 AM - root - INFO - Test Completed.
01/28/2024 12:34:05 AM - root - INFO - Test_SearchCustomer__003
01/28/2024 12:34:05 AM - root - INFO - Test_SearchCustomer__003
01/28/2024 12:34:05 AM - root - INFO - Test_SearchCustomer__003
01/28/2024 12:34:05 AM - root - INFO - Test_SearchCustomer__003
01/28/2024 12:34:05 AM - root - INFO - Setup started
01/28/2024 12:34:05 AM - root - INFO - Setup started
01/28/2024 12:34:05 AM - root - INFO - Setup started
01/28/2024 12:34:05 AM - root - INFO - Setup started
01/28/2024 12:34:11 AM - root - INFO - Setup Completed
01/28/2024 12:34:11 AM - root - INFO - Setup Completed
01/28/2024 12:34:11 AM - root - INFO - Setup Completed
01/28/2024 12:34:11 AM - root - INFO - Setup Completed
01/28/2024 12:34:11 AM - root - INFO - Test Case: Search by LastName
01/28/2024 12:34:11 AM - root - INFO - Test Case: Search by LastName
01/28/2024 12:34:11 AM - root - INFO - Test Case: Search by LastName
01/28/2024 12:34:11 AM - root - INFO - Test Case: Search by LastName
01/28/2024 12:34:12 AM - root - INFO - Test Case Passed.
01/28/2024 12:34:12 AM - root - INFO - Test Case Passed.
01/28/2024 12:34:12 AM - root - INFO - Test Case Passed.
01/28/2024 12:34:12 AM - root - INFO - Test Case Passed.
01/28/2024 12:34:12 AM - root - INFO - Remark: data not found and it's expected.
01/28/2024 12:34:12 AM - root - INFO - Remark: data not found and it's expected.
01/28/2024 12:34:12 AM - root - INFO - Remark: data not found and it's expected.
01/28/2024 12:34:12 AM - root - INFO - Remark: data not found and it's expected.
01/28/2024 12:34:12 AM - root - INFO - Test Completed.
01/28/2024 12:34:12 AM - root - INFO - Test Completed.
01/28/2024 12:34:12 AM - root - INFO - Test Completed.
01/28/2024 12:34:12 AM - root - INFO - Test Completed.
01/28/2024 12:34:16 AM - root - INFO - Test_SearchCustomer__003
01/28/2024 12:34:16 AM - root - INFO - Test_SearchCustomer__003
01/28/2024 12:34:16 AM - root - INFO - Test_SearchCustomer__003
01/28/2024 12:34:16 AM - root - INFO - Test_SearchCustomer__003
01/28/2024 12:34:16 AM - root - INFO - Setup started
01/28/2024 12:34:16 AM - root - INFO - Setup started
01/28/2024 12:34:16 AM - root - INFO - Setup started
01/28/2024 12:34:16 AM - root - INFO - Setup started
01/28/2024 12:34:21 AM - root - INFO - Setup Completed
01/28/2024 12:34:21 AM - root - INFO - Setup Completed
01/28/2024 12:34:21 AM - root - INFO - Setup Completed
01/28/2024 12:34:21 AM - root - INFO - Setup Completed
01/28/2024 12:34:21 AM - root - INFO - Test Case: Search by BirthDate
01/28/2024 12:34:21 AM - root - INFO - Test Case: Search by BirthDate
01/28/2024 12:34:21 AM - root - INFO - Test Case: Search by BirthDate
01/28/2024 12:34:21 AM - root - INFO - Test Case: Search by BirthDate
01/28/2024 12:34:23 AM - root - INFO - Test Case Passed.
01/28/2024 12:34:23 AM - root - INFO - Test Case Passed.
01/28/2024 12:34:23 AM - root - INFO - Test Case Passed.
01/28/2024 12:34:23 AM - root - INFO - Test Case Passed.
01/28/2024 12:34:23 AM - root - INFO - Remark: data not found and it's expected.
01/28/2024 12:34:23 AM - root - INFO - Remark: data not found and it's expected.
01/28/2024 12:34:23 AM - root - INFO - Remark: data not found and it's expected.
01/28/2024 12:34:23 AM - root - INFO - Remark: data not found and it's expected.
01/28/2024 12:34:23 AM - root - INFO - Test Completed.
01/28/2024 12:34:23 AM - root - INFO - Test Completed.
01/28/2024 12:34:23 AM - root - INFO - Test Completed.
01/28/2024 12:34:23 AM - root - INFO - Test Completed.
01/28/2024 12:34:27 AM - root - INFO - Test_SearchCustomer__003
01/28/2024 12:34:27 AM - root - INFO - Test_SearchCustomer__003
01/28/2024 12:34:27 AM - root - INFO - Test_SearchCustomer__003
01/28/2024 12:34:27 AM - root - INFO - Test_SearchCustomer__003
01/28/2024 12:34:27 AM - root - INFO - Setup started
01/28/2024 12:34:27 AM - root - INFO - Setup started
01/28/2024 12:34:27 AM - root - INFO - Setup started
01/28/2024 12:34:27 AM - root - INFO - Setup started
01/28/2024 12:34:33 AM - root - INFO - Setup Completed
01/28/2024 12:34:33 AM - root - INFO - Setup Completed
01/28/2024 12:34:33 AM - root - INFO - Setup Completed
01/28/2024 12:34:33 AM - root - INFO - Setup Completed
01/28/2024 12:34:33 AM - root - INFO - Test Case: Search by RegistrationDate
01/28/2024 12:34:33 AM - root - INFO - Test Case: Search by RegistrationDate
01/28/2024 12:34:33 AM - root - INFO - Test Case: Search by RegistrationDate
01/28/2024 12:34:33 AM - root - INFO - Test Case: Search by RegistrationDate
01/28/2024 12:34:35 AM - root - INFO - Test Case Passed.
01/28/2024 12:34:35 AM - root - INFO - Test Case Passed.
01/28/2024 12:34:35 AM - root - INFO - Test Case Passed.
01/28/2024 12:34:35 AM - root - INFO - Test Case Passed.
01/28/2024 12:34:35 AM - root - INFO - Remark: data not found and it's expected.
01/28/2024 12:34:35 AM - root - INFO - Remark: data not found and it's expected.
01/28/2024 12:34:35 AM - root - INFO - Remark: data not found and it's expected.
01/28/2024 12:34:35 AM - root - INFO - Remark: data not found and it's expected.
01/28/2024 12:34:35 AM - root - INFO - Test Completed.
01/28/2024 12:34:35 AM - root - INFO - Test Completed.
01/28/2024 12:34:35 AM - root - INFO - Test Completed.
01/28/2024 12:34:35 AM - root - INFO - Test Completed.
01/28/2024 12:34:39 AM - root - INFO - Test_SearchCustomer__003
01/28/2024 12:34:39 AM - root - INFO - Test_SearchCustomer__003
01/28/2024 12:34:39 AM - root - INFO - Test_SearchCustomer__003
01/28/2024 12:34:39 AM - root - INFO - Test_SearchCustomer__003
01/28/2024 12:34:39 AM - root - INFO - Setup started
01/28/2024 12:34:39 AM - root - INFO - Setup started
01/28/2024 12:34:39 AM - root - INFO - Setup started
01/28/2024 12:34:39 AM - root - INFO - Setup started
01/28/2024 12:34:43 AM - root - INFO - Setup Completed
01/28/2024 12:34:43 AM - root - INFO - Setup Completed
01/28/2024 12:34:43 AM - root - INFO - Setup Completed
01/28/2024 12:34:43 AM - root - INFO - Setup Completed
01/28/2024 12:34:43 AM - root - INFO - Test Case: Search by LastActivityDate
01/28/2024 12:34:43 AM - root - INFO - Test Case: Search by LastActivityDate
01/28/2024 12:34:43 AM - root - INFO - Test Case: Search by LastActivityDate
01/28/2024 12:34:43 AM - root - INFO - Test Case: Search by LastActivityDate
01/28/2024 12:34:45 AM - root - ERROR - Test Case Failed.
01/28/2024 12:34:45 AM - root - ERROR - Test Case Failed.
01/28/2024 12:34:45 AM - root - ERROR - Test Case Failed.
01/28/2024 12:34:45 AM - root - ERROR - Test Case Failed.
01/28/2024 12:34:45 AM - root - ERROR - Something went wrong.
01/28/2024 12:34:45 AM - root - ERROR - Something went wrong.
01/28/2024 12:34:45 AM - root - ERROR - Something went wrong.
01/28/2024 12:34:45 AM - root - ERROR - Something went wrong.
01/28/2024 12:34:46 AM - root - INFO - Test Completed.
01/28/2024 12:34:46 AM - root - INFO - Test Completed.
01/28/2024 12:34:46 AM - root - INFO - Test Completed.
01/28/2024 12:34:46 AM - root - INFO - Test Completed.
01/28/2024 12:34:49 AM - root - INFO - Test_SearchCustomer__003
01/28/2024 12:34:49 AM - root - INFO - Test_SearchCustomer__003
01/28/2024 12:34:49 AM - root - INFO - Test_SearchCustomer__003
01/28/2024 12:34:49 AM - root - INFO - Test_SearchCustomer__003
01/28/2024 12:34:49 AM - root - INFO - Setup started
01/28/2024 12:34:49 AM - root - INFO - Setup started
01/28/2024 12:34:49 AM - root - INFO - Setup started
01/28/2024 12:34:49 AM - root - INFO - Setup started
01/28/2024 12:34:55 AM - root - INFO - Setup Completed
01/28/2024 12:34:55 AM - root - INFO - Setup Completed
01/28/2024 12:34:55 AM - root - INFO - Setup Completed
01/28/2024 12:34:55 AM - root - INFO - Setup Completed
01/28/2024 12:34:55 AM - root - INFO - Test Case: Search by Company
01/28/2024 12:34:55 AM - root - INFO - Test Case: Search by Company
01/28/2024 12:34:55 AM - root - INFO - Test Case: Search by Company
01/28/2024 12:34:55 AM - root - INFO - Test Case: Search by Company
01/28/2024 12:34:56 AM - root - INFO - Test Case Passed.
01/28/2024 12:34:56 AM - root - INFO - Test Case Passed.
01/28/2024 12:34:56 AM - root - INFO - Test Case Passed.
01/28/2024 12:34:56 AM - root - INFO - Test Case Passed.
01/28/2024 12:34:56 AM - root - INFO - Remark: data not found and it's expected.
01/28/2024 12:34:56 AM - root - INFO - Remark: data not found and it's expected.
01/28/2024 12:34:56 AM - root - INFO - Remark: data not found and it's expected.
01/28/2024 12:34:56 AM - root - INFO - Remark: data not found and it's expected.
01/28/2024 12:34:57 AM - root - INFO - Test Completed.
01/28/2024 12:34:57 AM - root - INFO - Test Completed.
01/28/2024 12:34:57 AM - root - INFO - Test Completed.
01/28/2024 12:34:57 AM - root - INFO - Test Completed.
01/28/2024 12:35:00 AM - root - INFO - Test_SearchCustomer__003
01/28/2024 12:35:00 AM - root - INFO - Test_SearchCustomer__003
01/28/2024 12:35:00 AM - root - INFO - Test_SearchCustomer__003
01/28/2024 12:35:00 AM - root - INFO - Test_SearchCustomer__003
01/28/2024 12:35:00 AM - root - INFO - Setup started
01/28/2024 12:35:00 AM - root - INFO - Setup started
01/28/2024 12:35:00 AM - root - INFO - Setup started
01/28/2024 12:35:00 AM - root - INFO - Setup started
01/28/2024 12:35:04 AM - root - INFO - Setup Completed
01/28/2024 12:35:04 AM - root - INFO - Setup Completed
01/28/2024 12:35:04 AM - root - INFO - Setup Completed
01/28/2024 12:35:04 AM - root - INFO - Setup Completed
01/28/2024 12:35:04 AM - root - INFO - Test Case: Search by CustomerRole
01/28/2024 12:35:04 AM - root - INFO - Test Case: Search by CustomerRole
01/28/2024 12:35:04 AM - root - INFO - Test Case: Search by CustomerRole
01/28/2024 12:35:04 AM - root - INFO - Test Case: Search by CustomerRole
01/28/2024 12:35:06 AM - root - ERROR - Test Case Failed.
01/28/2024 12:35:06 AM - root - ERROR - Test Case Failed.
01/28/2024 12:35:06 AM - root - ERROR - Test Case Failed.
01/28/2024 12:35:06 AM - root - ERROR - Test Case Failed.
01/28/2024 12:35:06 AM - root - ERROR - Something went wrong.
01/28/2024 12:35:06 AM - root - ERROR - Something went wrong.
01/28/2024 12:35:06 AM - root - ERROR - Something went wrong.
01/28/2024 12:35:06 AM - root - ERROR - Something went wrong.
01/28/2024 12:35:06 AM - root - INFO - Test Completed.
01/28/2024 12:35:06 AM - root - INFO - Test Completed.
01/28/2024 12:35:06 AM - root - INFO - Test Completed.
01/28/2024 12:35:06 AM - root - INFO - Test Completed.
01/28/2024 12:35:09 AM - root - INFO - ************ Test running in MicrosoftEdge browser ***************
01/28/2024 12:35:09 AM - root - INFO - ************ Test running in MicrosoftEdge browser ***************
01/28/2024 12:35:09 AM - root - INFO - ************ Test running in MicrosoftEdge browser ***************
01/28/2024 12:35:09 AM - root - INFO - ************ Test running in MicrosoftEdge browser ***************
01/28/2024 12:35:09 AM - root - INFO - *********** test_homePageTitle *************
01/28/2024 12:35:09 AM - root - INFO - *********** test_homePageTitle *************
01/28/2024 12:35:09 AM - root - INFO - *********** test_homePageTitle *************
01/28/2024 12:35:09 AM - root - INFO - *********** test_homePageTitle *************
01/28/2024 12:35:10 AM - root - INFO - *********** Pass *************
01/28/2024 12:35:10 AM - root - INFO - *********** Pass *************
01/28/2024 12:35:10 AM - root - INFO - *********** Pass *************
01/28/2024 12:35:10 AM - root - INFO - *********** Pass *************
01/28/2024 12:35:13 AM - root - INFO - ************ Test running in MicrosoftEdge browser ***************
01/28/2024 12:35:13 AM - root - INFO - ************ Test running in MicrosoftEdge browser ***************
01/28/2024 12:35:13 AM - root - INFO - ************ Test running in MicrosoftEdge browser ***************
01/28/2024 12:35:13 AM - root - INFO - ************ Test running in MicrosoftEdge browser ***************
01/28/2024 12:35:13 AM - root - INFO - *********** test_homePageTitle *************
01/28/2024 12:35:13 AM - root - INFO - *********** test_homePageTitle *************
01/28/2024 12:35:13 AM - root - INFO - *********** test_homePageTitle *************
01/28/2024 12:35:13 AM - root - INFO - *********** test_homePageTitle *************
01/28/2024 12:35:16 AM - root - INFO - *********** Pass *****************
01/28/2024 12:35:16 AM - root - INFO - *********** Pass *****************
01/28/2024 12:35:16 AM - root - INFO - *********** Pass *****************
01/28/2024 12:35:16 AM - root - INFO - *********** Pass *****************
01/28/2024 12:35:20 AM - root - INFO - Test running in MicrosoftEdge browser
01/28/2024 12:35:20 AM - root - INFO - Test running in MicrosoftEdge browser
01/28/2024 12:35:20 AM - root - INFO - Test running in MicrosoftEdge browser
01/28/2024 12:35:20 AM - root - INFO - Test running in MicrosoftEdge browser
01/28/2024 12:35:20 AM - root - INFO - Test_002_DDT_Login
01/28/2024 12:35:20 AM - root - INFO - Test_002_DDT_Login
01/28/2024 12:35:20 AM - root - INFO - Test_002_DDT_Login
01/28/2024 12:35:20 AM - root - INFO - Test_002_DDT_Login
01/28/2024 12:35:20 AM - root - INFO - Verifying Deta Driven Login Test
01/28/2024 12:35:20 AM - root - INFO - Verifying Deta Driven Login Test
01/28/2024 12:35:20 AM - root - INFO - Verifying Deta Driven Login Test
01/28/2024 12:35:20 AM - root - INFO - Verifying Deta Driven Login Test
01/28/2024 12:35:23 AM - root - INFO - Test Case Passed
01/28/2024 12:35:23 AM - root - INFO - Test Case Passed
01/28/2024 12:35:23 AM - root - INFO - Test Case Passed
01/28/2024 12:35:23 AM - root - INFO - Test Case Passed
01/28/2024 12:35:26 AM - root - INFO - Test Case Passed
01/28/2024 12:35:26 AM - root - INFO - Test Case Passed
01/28/2024 12:35:26 AM - root - INFO - Test Case Passed
01/28/2024 12:35:26 AM - root - INFO - Test Case Passed
01/28/2024 12:35:27 AM - root - INFO - Test Case Passed
01/28/2024 12:35:27 AM - root - INFO - Test Case Passed
01/28/2024 12:35:27 AM - root - INFO - Test Case Passed
01/28/2024 12:35:27 AM - root - INFO - Test Case Passed
01/28/2024 12:35:28 AM - root - INFO - Test Case Passed
01/28/2024 12:35:28 AM - root - INFO - Test Case Passed
01/28/2024 12:35:28 AM - root - INFO - Test Case Passed
01/28/2024 12:35:28 AM - root - INFO - Test Case Passed
01/28/2024 12:35:28 AM - root - INFO - Test Case Passed
01/28/2024 12:35:28 AM - root - INFO - Test Case Passed
01/28/2024 12:35:28 AM - root - INFO - Test Case Passed
01/28/2024 12:35:28 AM - root - INFO - Test Case Passed
01/28/2024 12:35:28 AM - root - INFO - Login Data Driven Test Passed
01/28/2024 12:35:28 AM - root - INFO - Login Data Driven Test Passed
01/28/2024 12:35:28 AM - root - INFO - Login Data Driven Test Passed
01/28/2024 12:35:28 AM - root - INFO - Login Data Driven Test Passed
01/28/2024 12:35:28 AM - root - INFO - End of Login Data Driven Testing
01/28/2024 12:35:28 AM - root - INFO - End of Login Data Driven Testing
01/28/2024 12:35:28 AM - root - INFO - End of Login Data Driven Testing
01/28/2024 12:35:28 AM - root - INFO - End of Login Data Driven Testing
01/28/2024 12:35:28 AM - root - INFO - Completed Test_002_DDT_Login
01/28/2024 12:35:28 AM - root - INFO - Completed Test_002_DDT_Login
01/28/2024 12:35:28 AM - root - INFO - Completed Test_002_DDT_Login
01/28/2024 12:35:28 AM - root - INFO - Completed Test_002_DDT_Login
01/28/2024 12:43:28 AM - root - INFO - Test_AddNewCustomer Started...
01/28/2024 12:43:28 AM - root - INFO - Test_AddNewCustomer Started...
01/28/2024 12:43:28 AM - root - INFO - Test_AddNewCustomer Started...
01/28/2024 12:43:28 AM - root - INFO - Test_AddNewCustomer Started...
01/28/2024 12:43:28 AM - root - INFO - Setup of Test Add New Customer Started...
01/28/2024 12:43:28 AM - root - INFO - Setup of Test Add New Customer Started...
01/28/2024 12:43:28 AM - root - INFO - Setup of Test Add New Customer Started...
01/28/2024 12:43:28 AM - root - INFO - Setup of Test Add New Customer Started...
01/28/2024 12:43:28 AM - root - INFO - Testing in MicrosoftEdge browser
01/28/2024 12:43:28 AM - root - INFO - Testing in MicrosoftEdge browser
01/28/2024 12:43:28 AM - root - INFO - Testing in MicrosoftEdge browser
01/28/2024 12:43:28 AM - root - INFO - Testing in MicrosoftEdge browser
01/28/2024 12:43:32 AM - root - INFO - Log in successful
01/28/2024 12:43:32 AM - root - INFO - Log in successful
01/28/2024 12:43:32 AM - root - INFO - Log in successful
01/28/2024 12:43:32 AM - root - INFO - Log in successful
01/28/2024 12:43:32 AM - root - INFO - Setup completed
01/28/2024 12:43:32 AM - root - INFO - Setup completed
01/28/2024 12:43:32 AM - root - INFO - Setup completed
01/28/2024 12:43:32 AM - root - INFO - Setup completed
01/28/2024 12:43:32 AM - root - INFO - Add New Customer Started...
01/28/2024 12:43:32 AM - root - INFO - Add New Customer Started...
01/28/2024 12:43:32 AM - root - INFO - Add New Customer Started...
01/28/2024 12:43:32 AM - root - INFO - Add New Customer Started...
01/28/2024 12:43:35 AM - root - INFO - Providing customer details
01/28/2024 12:43:35 AM - root - INFO - Providing customer details
01/28/2024 12:43:35 AM - root - INFO - Providing customer details
01/28/2024 12:43:35 AM - root - INFO - Providing customer details
01/28/2024 12:43:35 AM - root - INFO - User Data : {'first_name': 'Pawan', 'last_name': 'Yadav', 'email': 'pawan_yadav768@gmail.com', 'password': 'TDBsDlPi', 'gender': 'Male', 'birth_date': '01-01-1969', 'company_name': 'TCS', 'comment': 'Random comment for user Pawan Yadav', 'tax_exempt': True, 'manager_vendor': '1', 'account_status': True, 'newsletter': ['Test store 2'], 'customer_role': ['Administrators']}
01/28/2024 12:43:35 AM - root - INFO - User Data : {'first_name': 'Pawan', 'last_name': 'Yadav', 'email': 'pawan_yadav768@gmail.com', 'password': 'TDBsDlPi', 'gender': 'Male', 'birth_date': '01-01-1969', 'company_name': 'TCS', 'comment': 'Random comment for user Pawan Yadav', 'tax_exempt': True, 'manager_vendor': '1', 'account_status': True, 'newsletter': ['Test store 2'], 'customer_role': ['Administrators']}
01/28/2024 12:43:35 AM - root - INFO - User Data : {'first_name': 'Pawan', 'last_name': 'Yadav', 'email': 'pawan_yadav768@gmail.com', 'password': 'TDBsDlPi', 'gender': 'Male', 'birth_date': '01-01-1969', 'company_name': 'TCS', 'comment': 'Random comment for user Pawan Yadav', 'tax_exempt': True, 'manager_vendor': '1', 'account_status': True, 'newsletter': ['Test store 2'], 'customer_role': ['Administrators']}
01/28/2024 12:43:35 AM - root - INFO - User Data : {'first_name': 'Pawan', 'last_name': 'Yadav', 'email': 'pawan_yadav768@gmail.com', 'password': 'TDBsDlPi', 'gender': 'Male', 'birth_date': '01-01-1969', 'company_name': 'TCS', 'comment': 'Random comment for user Pawan Yadav', 'tax_exempt': True, 'manager_vendor': '1', 'account_status': True, 'newsletter': ['Test store 2'], 'customer_role': ['Administrators']}
01/28/2024 12:43:39 AM - root - INFO - Saving customer info...
01/28/2024 12:43:39 AM - root - INFO - Saving customer info...
01/28/2024 12:43:39 AM - root - INFO - Saving customer info...
01/28/2024 12:43:39 AM - root - INFO - Saving customer info...
01/28/2024 12:43:44 AM - root - WARNING - Alert On Save: ["×\nAdd the customer to 'Guests' or 'Registered' customer role"]
01/28/2024 12:43:44 AM - root - WARNING - Alert On Save: ["×\nAdd the customer to 'Guests' or 'Registered' customer role"]
01/28/2024 12:43:44 AM - root - WARNING - Alert On Save: ["×\nAdd the customer to 'Guests' or 'Registered' customer role"]
01/28/2024 12:43:44 AM - root - WARNING - Alert On Save: ["×\nAdd the customer to 'Guests' or 'Registered' customer role"]
01/28/2024 12:43:44 AM - root - WARNING - Test Failed
01/28/2024 12:43:44 AM - root - WARNING - Test Failed
01/28/2024 12:43:44 AM - root - WARNING - Test Failed
01/28/2024 12:43:44 AM - root - WARNING - Test Failed
01/28/2024 12:43:44 AM - root - INFO - Test completed
01/28/2024 12:43:44 AM - root - INFO - Test completed
01/28/2024 12:43:44 AM - root - INFO - Test completed
01/28/2024 12:43:44 AM - root - INFO - Test completed
01/28/2024 12:43:48 AM - root - INFO - Test_SearchCustomer__003
01/28/2024 12:43:48 AM - root - INFO - Test_SearchCustomer__003
01/28/2024 12:43:48 AM - root - INFO - Test_SearchCustomer__003
01/28/2024 12:43:48 AM - root - INFO - Test_SearchCustomer__003
01/28/2024 12:43:48 AM - root - INFO - Setup started
01/28/2024 12:43:48 AM - root - INFO - Setup started
01/28/2024 12:43:48 AM - root - INFO - Setup started
01/28/2024 12:43:48 AM - root - INFO - Setup started
01/28/2024 12:43:54 AM - root - INFO - Setup Completed
01/28/2024 12:43:54 AM - root - INFO - Setup Completed
01/28/2024 12:43:54 AM - root - INFO - Setup Completed
01/28/2024 12:43:54 AM - root - INFO - Setup Completed
01/28/2024 12:43:54 AM - root - INFO - Test Case: Search by Email
01/28/2024 12:43:54 AM - root - INFO - Test Case: Search by Email
01/28/2024 12:43:54 AM - root - INFO - Test Case: Search by Email
01/28/2024 12:43:54 AM - root - INFO - Test Case: Search by Email
01/28/2024 12:43:56 AM - root - INFO - Test Case Passed.
01/28/2024 12:43:56 AM - root - INFO - Test Case Passed.
01/28/2024 12:43:56 AM - root - INFO - Test Case Passed.
01/28/2024 12:43:56 AM - root - INFO - Test Case Passed.
01/28/2024 12:43:56 AM - root - INFO - Remark: data not found and it's expected.
01/28/2024 12:43:56 AM - root - INFO - Remark: data not found and it's expected.
01/28/2024 12:43:56 AM - root - INFO - Remark: data not found and it's expected.
01/28/2024 12:43:56 AM - root - INFO - Remark: data not found and it's expected.
01/28/2024 12:43:56 AM - root - INFO - Test Completed.
01/28/2024 12:43:56 AM - root - INFO - Test Completed.
01/28/2024 12:43:56 AM - root - INFO - Test Completed.
01/28/2024 12:43:56 AM - root - INFO - Test Completed.
01/28/2024 12:43:59 AM - root - INFO - Test_SearchCustomer__003
01/28/2024 12:43:59 AM - root - INFO - Test_SearchCustomer__003
01/28/2024 12:43:59 AM - root - INFO - Test_SearchCustomer__003
01/28/2024 12:43:59 AM - root - INFO - Test_SearchCustomer__003
01/28/2024 12:43:59 AM - root - INFO - Setup started
01/28/2024 12:43:59 AM - root - INFO - Setup started
01/28/2024 12:43:59 AM - root - INFO - Setup started
01/28/2024 12:43:59 AM - root - INFO - Setup started
01/28/2024 12:44:05 AM - root - INFO - Setup Completed
01/28/2024 12:44:05 AM - root - INFO - Setup Completed
01/28/2024 12:44:05 AM - root - INFO - Setup Completed
01/28/2024 12:44:05 AM - root - INFO - Setup Completed
01/28/2024 12:44:05 AM - root - INFO - Test Case: Search by FirstName
01/28/2024 12:44:05 AM - root - INFO - Test Case: Search by FirstName
01/28/2024 12:44:05 AM - root - INFO - Test Case: Search by FirstName
01/28/2024 12:44:05 AM - root - INFO - Test Case: Search by FirstName
01/28/2024 12:44:06 AM - root - INFO - Test Case Passed.
01/28/2024 12:44:06 AM - root - INFO - Test Case Passed.
01/28/2024 12:44:06 AM - root - INFO - Test Case Passed.
01/28/2024 12:44:06 AM - root - INFO - Test Case Passed.
01/28/2024 12:44:06 AM - root - INFO - Remark: data not found and it's expected.
01/28/2024 12:44:06 AM - root - INFO - Remark: data not found and it's expected.
01/28/2024 12:44:06 AM - root - INFO - Remark: data not found and it's expected.
01/28/2024 12:44:06 AM - root - INFO - Remark: data not found and it's expected.
01/28/2024 12:44:07 AM - root - INFO - Test Completed.
01/28/2024 12:44:07 AM - root - INFO - Test Completed.
01/28/2024 12:44:07 AM - root - INFO - Test Completed.
01/28/2024 12:44:07 AM - root - INFO - Test Completed.
01/28/2024 12:44:10 AM - root - INFO - ************ Test running in MicrosoftEdge browser ***************
01/28/2024 12:44:10 AM - root - INFO - ************ Test running in MicrosoftEdge browser ***************
01/28/2024 12:44:10 AM - root - INFO - ************ Test running in MicrosoftEdge browser ***************
01/28/2024 12:44:10 AM - root - INFO - ************ Test running in MicrosoftEdge browser ***************
01/28/2024 12:44:10 AM - root - INFO - *********** test_homePageTitle *************
01/28/2024 12:44:10 AM - root - INFO - *********** test_homePageTitle *************
01/28/2024 12:44:10 AM - root - INFO - *********** test_homePageTitle *************
01/28/2024 12:44:10 AM - root - INFO - *********** test_homePageTitle *************
01/28/2024 12:44:14 AM - root - INFO - *********** Pass *****************
01/28/2024 12:44:14 AM - root - INFO - *********** Pass *****************
01/28/2024 12:44:14 AM - root - INFO - *********** Pass *****************
01/28/2024 12:44:14 AM - root - INFO - *********** Pass *****************
